{
  message: 'Database connection successfull 游꾸',
  level: 'info',
  service: 'user-service',
  label: 'PH',
  timestamp: '2023-12-24T09:20:15.332Z'
}
{
  message: 'This server is listening port: 5000 游끢',
  level: 'info',
  service: 'user-service',
  label: 'PH',
  timestamp: '2023-12-24T09:20:15.340Z'
}
{
  message: 'Database connection successfull 游꾸',
  level: 'info',
  service: 'user-service',
  label: 'PH',
  timestamp: '2023-12-24T09:21:01.815Z'
}
{
  message: 'This server is listening port: 5000 游끢',
  level: 'info',
  service: 'user-service',
  label: 'PH',
  timestamp: '2023-12-24T09:21:01.821Z'
}
{
  message: 'Database connection successfull 游꾸',
  level: 'info',
  service: 'user-service',
  label: 'PH',
  timestamp: '2023-12-24T09:23:59.015Z'
}
{
  message: 'This server is listening port: 5000 游끢',
  level: 'info',
  service: 'user-service',
  label: 'PH',
  timestamp: '2023-12-24T09:23:59.022Z'
}
{
  message: 'Database connection successfull 游꾸',
  level: 'info',
  service: 'user-service',
  label: 'PH',
  timestamp: '2023-12-24T09:24:28.433Z'
}
{
  message: 'This server is listening port: 5000 游끢',
  level: 'info',
  service: 'user-service',
  label: 'PH',
  timestamp: '2023-12-24T09:24:28.441Z'
}
